<?xml version="1.0" encoding="UTF-8"?>
<!-- Generated by org.testng.reporters.JUnitReportReporter -->
<testsuite hostname="yeshwanth-PC" failures="0" tests="1" name="qaacademy.homepage" time="52.224" errors="0" timestamp="2022-04-23T23:59:20 IST" skipped="0">
  <testcase classname="qaacademy.homepage" name="sample" time="52.224"/>
  <system-out/>
</testsuite> <!-- qaacademy.homepage -->
